#!/bin/sed -f

# Generated by ISO-8859-15.pl. Do not modify.
# Translation of HTML entities to ISO-8859-15. Applied on output of psql.

s/\&Ntilde;/Ñ/g
s/\&ntilde;/ñ/g
s/\&Acirc;/Â/g
s/\&AElig;/Æ/g
s/\&Euml;/Ë/g
s/\&Yacute;/Ý/g
s/\&Uuml;/Ü/g
s/\&euml;/ë/g
s/\&yacute;/ý/g
s/\&uuml;/ü/g
s/\&ucirc;/û/g
s/\&Igrave;/Ì/g
s/\&Ocirc;/Ô/g
s/\&igrave;/ì/g
s/\&Oacute;/Ó/g
s/\&oacute;/ó/g
s/\&icirc;/î/g
s/\&Eacute;/É/g
s/\&eacute;/é/g
s/\&THORN;/Þ/g
s/\&Ugrave;/Ù/g
s/\&ugrave;/ù/g
s/\&Atilde;/Ã/g
s/\&Ccedil;/Ç/g
s/\&atilde;/ã/g
s/\&ccedil;/ç/g
s/\&szlig;/ß/g
s/\&Iuml;/Ï/g
s/\&iuml;/ï/g
s/\&Ecirc;/Ê/g
s/\&yuml;/ÿ/g
s/\&Agrave;/À/g
s/\&agrave;/à/g
s/\&aring;/å/g
s/\&acirc;/â/g
s/\&Iacute;/Í/g
s/\&Ucirc;/Û/g
s/\&Otilde;/Õ/g
s/\&aelig;/æ/g
s/\&ETH;/Ð/g
s/\&iacute;/í/g
s/\&otilde;/õ/g
s/\&ocirc;/ô/g
s/\&eth;/ð/g
s/\&Icirc;/Î/g
s/\&Ograve;/Ò/g
s/\&Ouml;/Ö/g
s/\&Oslash;/Ø/g
s/\&ograve;/ò/g
s/\&Uacute;/Ú/g
s/\&ouml;/ö/g
s/\&oslash;/ø/g
s/\&uacute;/ú/g
s/\&Egrave;/È/g
s/\&egrave;/è/g
s/\&thorn;/þ/g
s/\&Auml;/Ä/g
s/\&Aacute;/Á/g
s/\&auml;/ä/g
s/\&aacute;/á/g
s/\&ecirc;/ê/g
s/\&Aring;/Å/g
